{"level":"info","message":"[mb:5000] mountebank v2.8.1 now taking orders - point your browser to http://localhost:5000/ for help","timestamp":"2022-12-15T01:26:15.457Z"}
{"level":"info","message":"[mb:5000] POST /imposters","timestamp":"2022-12-15T01:26:15.478Z"}
{"level":"info","message":"[http:5001 IDP] Open for business...","timestamp":"2022-12-15T01:26:15.484Z"}
{"level":"info","message":"[mb:5000] POST /imposters","timestamp":"2022-12-15T01:26:15.489Z"}
{"level":"info","message":"[http:5002 DIH] Open for business...","timestamp":"2022-12-15T01:26:15.492Z"}
{"level":"info","message":"[mb:5000] POST /imposters","timestamp":"2022-12-15T01:26:15.493Z"}
{"level":"info","message":"[http:5003 Workday] Open for business...","timestamp":"2022-12-15T01:26:15.494Z"}
{"level":"info","message":"[mb:5000] POST /imposters","timestamp":"2022-12-15T01:26:15.495Z"}
{"level":"info","message":"[http:5004 ServiceNow] Open for business...","timestamp":"2022-12-15T01:26:15.496Z"}
{"level":"info","message":"[mb:5000] POST /imposters","timestamp":"2022-12-15T01:26:15.496Z"}
{"level":"info","message":"[http:5005 Infinity Connect] Open for business...","timestamp":"2022-12-15T01:26:15.497Z"}
{"level":"info","message":"[mb:5000] POST /imposters","timestamp":"2022-12-15T01:26:15.498Z"}
{"level":"info","message":"[http:5006 Datalake] Open for business...","timestamp":"2022-12-15T01:26:15.499Z"}
{"level":"info","message":"[mb:5000] GET /imposters","timestamp":"2022-12-15T01:26:45.477Z"}
{"level":"info","message":"[mb:5000] GET /imposters","timestamp":"2022-12-15T01:56:58.343Z"}
{"level":"info","message":"[mb:5000] GET /imposters","timestamp":"2022-12-15T01:57:03.324Z"}
{"level":"info","message":"[mb:5000] GET /imposters","timestamp":"2022-12-15T01:57:03.344Z"}
{"level":"info","message":"[mb:5000] OPTIONS /imposters","timestamp":"2022-12-15T01:57:03.345Z"}
{"level":"info","message":"[mb:5000] POST /imposters","timestamp":"2022-12-15T01:57:03.350Z"}
{"level":"error","message":"[mb:5000] error creating imposter: [{\"code\":\"bad data\",\"message\":\"invalid value for 'port'\"},{\"code\":\"bad data\",\"message\":\"the  protocol is not yet supported\"}]","timestamp":"2022-12-15T01:57:03.351Z"}
{"level":"info","message":"[mb:5000] GET /imposters","timestamp":"2022-12-15T01:57:17.795Z"}
{"level":"info","message":"[mb:5000] OPTIONS /imposters","timestamp":"2022-12-15T01:57:17.799Z"}
{"level":"info","message":"[mb:5000] POST /imposters","timestamp":"2022-12-15T01:57:17.809Z"}
{"level":"info","message":"[https:5010 test1] Open for business...","timestamp":"2022-12-15T01:57:17.830Z"}
{"level":"info","message":"[mb:5000] GET /imposters","timestamp":"2022-12-15T01:57:26.730Z"}
{"level":"info","message":"[mb:5000] GET /imposters","timestamp":"2022-12-15T01:57:43.796Z"}
{"level":"info","message":"[mb:5000] GET /imposters","timestamp":"2022-12-15T01:57:50.791Z"}
{"level":"info","message":"[mb:5000] OPTIONS /imposters","timestamp":"2022-12-15T01:57:52.969Z"}
{"level":"info","message":"[mb:5000] POST /imposters","timestamp":"2022-12-15T01:57:52.974Z"}
{"level":"error","message":"[mb:5000] error creating imposter: [{\"code\":\"bad data\",\"message\":\"invalid value for 'port'\"},{\"code\":\"bad data\",\"message\":\"the  protocol is not yet supported\"}]","timestamp":"2022-12-15T01:57:52.975Z"}
{"level":"info","message":"[mb:5000] GET /imposters","timestamp":"2022-12-15T01:57:56.083Z"}
{"level":"info","message":"[mb:5000] OPTIONS /imposters","timestamp":"2022-12-15T01:59:49.291Z"}
{"level":"info","message":"[mb:5000] POST /imposters","timestamp":"2022-12-15T01:59:49.295Z"}
{"level":"error","message":"[mb:5000] error creating imposter: [{\"code\":\"bad data\",\"message\":\"invalid value for 'port'\"},{\"code\":\"bad data\",\"message\":\"the  protocol is not yet supported\"}]","timestamp":"2022-12-15T01:59:49.296Z"}
{"level":"info","message":"[mb:5000] GET /imposters","timestamp":"2022-12-15T02:00:27.886Z"}
{"level":"info","message":"[mb:5000] OPTIONS /imposters","timestamp":"2022-12-15T02:00:29.915Z"}
{"level":"info","message":"[mb:5000] POST /imposters","timestamp":"2022-12-15T02:00:29.920Z"}
{"level":"error","message":"[mb:5000] error creating imposter: [{\"code\":\"bad data\",\"message\":\"invalid value for 'port'\"},{\"code\":\"bad data\",\"message\":\"the  protocol is not yet supported\"}]","timestamp":"2022-12-15T02:00:29.921Z"}
{"level":"info","message":"[mb:5000] GET /imposters","timestamp":"2022-12-15T02:00:33.436Z"}
{"level":"info","message":"[mb:5000] GET /imposters","timestamp":"2022-12-15T02:00:37.470Z"}
{"level":"info","message":"[mb:5000] GET /imposters","timestamp":"2022-12-15T02:01:15.103Z"}
{"level":"info","message":"[mb:5000] GET /imposters","timestamp":"2022-12-15T02:01:23.598Z"}
{"level":"info","message":"[mb:5000] GET /imposters","timestamp":"2022-12-15T02:02:25.009Z"}
{"level":"info","message":"[mb:5000] OPTIONS /imposters","timestamp":"2022-12-15T02:02:27.103Z"}
{"level":"info","message":"[mb:5000] POST /imposters","timestamp":"2022-12-15T02:02:27.117Z"}
{"level":"error","message":"[mb:5000] error creating imposter: [{\"code\":\"bad data\",\"message\":\"invalid value for 'port'\"},{\"code\":\"bad data\",\"message\":\"the  protocol is not yet supported\"}]","timestamp":"2022-12-15T02:02:27.117Z"}
{"level":"info","message":"[mb:5000] GET /imposters","timestamp":"2022-12-15T02:02:49.295Z"}
{"level":"info","message":"[mb:5000] OPTIONS /imposters","timestamp":"2022-12-15T02:04:01.201Z"}
{"level":"info","message":"[mb:5000] POST /imposters","timestamp":"2022-12-15T02:04:01.213Z"}
{"level":"error","message":"[mb:5000] error creating imposter: [{\"code\":\"bad data\",\"message\":\"invalid value for 'port'\"},{\"code\":\"bad data\",\"message\":\"the  protocol is not yet supported\"}]","timestamp":"2022-12-15T02:04:01.214Z"}
{"level":"info","message":"[mb:5000] POST /imposters","timestamp":"2022-12-15T02:04:04.510Z"}
{"level":"error","message":"[mb:5000] error creating imposter: [{\"code\":\"bad data\",\"message\":\"invalid value for 'port'\"},{\"code\":\"bad data\",\"message\":\"the  protocol is not yet supported\"}]","timestamp":"2022-12-15T02:04:04.511Z"}
{"level":"info","message":"[mb:5000] GET /imposters","timestamp":"2022-12-15T02:04:29.852Z"}
{"level":"info","message":"[mb:5000] GET /imposters","timestamp":"2022-12-15T02:04:41.620Z"}
{"level":"info","message":"[mb:5000] GET /imposters","timestamp":"2022-12-15T02:06:08.559Z"}
{"level":"info","message":"[mb:5000] GET /imposters","timestamp":"2022-12-15T02:07:28.487Z"}
{"level":"info","message":"[mb:5000] GET /imposters","timestamp":"2022-12-15T02:07:42.535Z"}
{"level":"info","message":"[mb:5000] GET /imposters","timestamp":"2022-12-15T02:07:45.146Z"}
{"level":"info","message":"[mb:5000] GET /imposters","timestamp":"2022-12-15T02:07:52.350Z"}
{"level":"info","message":"[mb:5000] GET /imposters","timestamp":"2022-12-15T02:08:14.534Z"}
{"level":"info","message":"[mb:5000] GET /imposters","timestamp":"2022-12-15T02:08:21.126Z"}
{"level":"info","message":"[mb:5000] GET /imposters","timestamp":"2022-12-15T02:08:27.788Z"}
{"level":"info","message":"[mb:5000] GET /imposters","timestamp":"2022-12-15T02:08:33.880Z"}
{"level":"info","message":"[mb:5000] GET /imposters","timestamp":"2022-12-15T02:09:26.532Z"}
{"level":"info","message":"[mb:5000] GET /imposters","timestamp":"2022-12-15T02:10:06.258Z"}
{"level":"info","message":"[mb:5000] GET /imposters","timestamp":"2022-12-15T02:10:28.639Z"}
{"level":"info","message":"[mb:5000] GET /imposters","timestamp":"2022-12-15T02:10:55.700Z"}
{"level":"info","message":"[mb:5000] GET /imposters","timestamp":"2022-12-15T02:11:05.832Z"}
{"level":"info","message":"[mb:5000] OPTIONS /imposters/5010","timestamp":"2022-12-15T02:11:07.168Z"}
{"level":"info","message":"[mb:5000] DELETE /imposters/5010","timestamp":"2022-12-15T02:11:07.175Z"}
{"level":"info","message":"[https:5010 test1] Ciao for now","timestamp":"2022-12-15T02:11:07.177Z"}
{"level":"info","message":"[mb:5000] GET /imposters","timestamp":"2022-12-15T02:11:12.825Z"}
{"level":"info","message":"[mb:5000] OPTIONS /imposters/5006","timestamp":"2022-12-15T02:11:18.357Z"}
{"level":"info","message":"[mb:5000] DELETE /imposters/5006","timestamp":"2022-12-15T02:11:18.362Z"}
{"level":"info","message":"[http:5006 Datalake] Ciao for now","timestamp":"2022-12-15T02:11:18.363Z"}
{"level":"info","message":"[mb:5000] GET /imposters","timestamp":"2022-12-15T02:11:23.104Z"}
{"level":"info","message":"[mb:5000] GET /imposters","timestamp":"2022-12-15T02:11:28.708Z"}
{"level":"info","message":"[mb:5000] OPTIONS /imposters/5005","timestamp":"2022-12-15T02:13:34.177Z"}
{"level":"info","message":"[mb:5000] DELETE /imposters/5005","timestamp":"2022-12-15T02:13:34.183Z"}
{"level":"info","message":"[http:5005 Infinity Connect] Ciao for now","timestamp":"2022-12-15T02:13:34.184Z"}
{"level":"info","message":"[mb:5000] GET /imposters","timestamp":"2022-12-15T02:13:36.316Z"}
{"level":"info","message":"[mb:5000] GET /imposters","timestamp":"2022-12-15T02:13:41.157Z"}
{"level":"info","message":"[mb:5000] GET /imposters","timestamp":"2022-12-15T02:14:53.693Z"}
{"level":"info","message":"[mb:5000] OPTIONS /imposters/5004","timestamp":"2022-12-15T02:15:00.166Z"}
{"level":"info","message":"[mb:5000] DELETE /imposters/5004","timestamp":"2022-12-15T02:15:00.172Z"}
{"level":"info","message":"[http:5004 ServiceNow] Ciao for now","timestamp":"2022-12-15T02:15:00.173Z"}
{"level":"info","message":"[mb:5000] GET /imposters/5004","timestamp":"2022-12-15T02:15:03.503Z"}
{"level":"info","message":"[mb:5000] GET /imposters/5003","timestamp":"2022-12-15T02:15:04.785Z"}
{"level":"info","message":"[mb:5000] GET /imposters","timestamp":"2022-12-15T02:15:07.541Z"}
